<?xml version="1.0" ?>
<coverage version="7.8.0" timestamp="1745940594617" lines-valid="0" lines-covered="0" line-rate="1" branches-covered="0" branches-valid="0" branch-rate="0" complexity="0">
	<!-- Generated by coverage.py: https://coverage.readthedocs.io/en/7.8.0 -->
	<!-- Based on https://raw.githubusercontent.com/cobertura/web/master/htdocs/xml/coverage-04.dtd -->
	<sources>
		<source>/home/joao/Documents/Estudos/LearningPytest/PytestDocumentation/pytest-pipeline/src</source>
	</sources>
	<packages>
		<package name="pipeline" line-rate="1" branch-rate="0" complexity="0">
			<classes>
				<class name="__init__.py" filename="pipeline/__init__.py" complexity="0" line-rate="1" branch-rate="0">
					<methods/>
					<lines/>
				</class>
			</classes>
		</package>
		<package name="pipeline.operations" line-rate="1" branch-rate="0" complexity="0">
			<classes>
				<class name="__init__.py" filename="pipeline/operations/__init__.py" complexity="0" line-rate="1" branch-rate="0">
					<methods/>
					<lines/>
				</class>
			</classes>
		</package>
		<package name="pipeline.tasks" line-rate="1" branch-rate="0" complexity="0">
			<classes>
				<class name="__init__.py" filename="pipeline/tasks/__init__.py" complexity="0" line-rate="1" branch-rate="0">
					<methods/>
					<lines/>
				</class>
			</classes>
		</package>
		<package name="pipeline.utils" line-rate="1" branch-rate="0" complexity="0">
			<classes>
				<class name="__init__.py" filename="pipeline/utils/__init__.py" complexity="0" line-rate="1" branch-rate="0">
					<methods/>
					<lines/>
				</class>
			</classes>
		</package>
	</packages>
</coverage>
